/home/yuedeji/firmware/code_clone/bellon_c/postgresql/src/backend/commands/trigger.c,GetTupleForTrigger,33,36,4
/home/yuedeji/firmware/code_clone/bellon_c/postgresql/src/backend/commands/trigger.c,ExecCallTriggerFunc,37,39,3
/home/yuedeji/firmware/code_clone/bellon_c/postgresql/src/backend/commands/trigger.c,DeferredTriggerSaveEvent,40,41,2
/home/yuedeji/firmware/code_clone/bellon_c/postgresql/src/backend/commands/trigger.c,DeferredTriggerExecute,42,44,3
/home/yuedeji/firmware/code_clone/bellon_c/postgresql/src/backend/commands/trigger.c,CreateTrigger,45,250,206
/home/yuedeji/firmware/code_clone/bellon_c/postgresql/src/backend/commands/trigger.c,DropTrigger,251,325,75
/home/yuedeji/firmware/code_clone/bellon_c/postgresql/src/backend/commands/trigger.c,RelationRemoveTriggers,329,403,75
/home/yuedeji/firmware/code_clone/bellon_c/postgresql/src/backend/commands/trigger.c,RelationBuildTriggers,411,522,112
/home/yuedeji/firmware/code_clone/bellon_c/postgresql/src/backend/commands/trigger.c,InsertTrigger,524,574,51
/home/yuedeji/firmware/code_clone/bellon_c/postgresql/src/backend/commands/trigger.c,FreeTriggerDesc,575,607,33
/home/yuedeji/firmware/code_clone/bellon_c/postgresql/src/backend/commands/trigger.c,equalTriggerDescs,608,661,54
/home/yuedeji/firmware/code_clone/bellon_c/postgresql/src/backend/commands/trigger.c,ExecCallTriggerFunc,671,707,37
/home/yuedeji/firmware/code_clone/bellon_c/postgresql/src/backend/commands/trigger.c,ExecBRInsertTriggers,708,741,34
/home/yuedeji/firmware/code_clone/bellon_c/postgresql/src/backend/commands/trigger.c,ExecARInsertTriggers,742,748,7
/home/yuedeji/firmware/code_clone/bellon_c/postgresql/src/backend/commands/trigger.c,ExecBRDeleteTriggers,749,787,39
/home/yuedeji/firmware/code_clone/bellon_c/postgresql/src/backend/commands/trigger.c,ExecARDeleteTriggers,788,797,10
/home/yuedeji/firmware/code_clone/bellon_c/postgresql/src/backend/commands/trigger.c,ExecBRUpdateTriggers,798,843,46
/home/yuedeji/firmware/code_clone/bellon_c/postgresql/src/backend/commands/trigger.c,ExecARUpdateTriggers,844,853,10
/home/yuedeji/firmware/code_clone/bellon_c/postgresql/src/backend/commands/trigger.c,GetTupleForTrigger,854,912,59
/home/yuedeji/firmware/code_clone/bellon_c/postgresql/src/backend/commands/trigger.c,deferredTriggerCheckState,958,994,37
/home/yuedeji/firmware/code_clone/bellon_c/postgresql/src/backend/commands/trigger.c,deferredTriggerAddEvent,1001,1015,15
/home/yuedeji/firmware/code_clone/bellon_c/postgresql/src/backend/commands/trigger.c,DeferredTriggerExecute,1033,1106,74
/home/yuedeji/firmware/code_clone/bellon_c/postgresql/src/backend/commands/trigger.c,deferredTriggerInvokeEvents,1114,1228,115
/home/yuedeji/firmware/code_clone/bellon_c/postgresql/src/backend/commands/trigger.c,DeferredTriggerInit,1237,1247,11
/home/yuedeji/firmware/code_clone/bellon_c/postgresql/src/backend/commands/trigger.c,DeferredTriggerBeginXact,1255,1287,33
/home/yuedeji/firmware/code_clone/bellon_c/postgresql/src/backend/commands/trigger.c,DeferredTriggerEndQuery,1295,1302,8
/home/yuedeji/firmware/code_clone/bellon_c/postgresql/src/backend/commands/trigger.c,DeferredTriggerEndXact,1310,1319,10
/home/yuedeji/firmware/code_clone/bellon_c/postgresql/src/backend/commands/trigger.c,DeferredTriggerAbortXact,1328,1336,9
/home/yuedeji/firmware/code_clone/bellon_c/postgresql/src/backend/commands/trigger.c,DeferredTriggerSetState,1343,1526,184
/home/yuedeji/firmware/code_clone/bellon_c/postgresql/src/backend/commands/trigger.c,DeferredTriggerSaveEvent,1536,1638,103
